2018-09-03 10:44:55.349 [main] INFO  o.s.b.w.s.c.AnnotationConfigServletWebServerApplicationContext - Refreshing org.springframework.boot.web.servlet.context.AnnotationConfigServletWebServerApplicationContext@6e4566f1: startup date [Mon Sep 03 10:44:55 CST 2018]; root of context hierarchy
2018-09-03 10:44:56.922 [main] INFO  o.s.boot.web.embedded.tomcat.TomcatWebServer - Tomcat initialized with port(s): 8080 (http)
2018-09-03 10:44:56.947 [main] INFO  org.apache.catalina.core.StandardService - Starting service [Tomcat]
2018-09-03 10:44:56.947 [main] INFO  org.apache.catalina.core.StandardEngine - Starting Servlet Engine: Apache Tomcat/8.5.32
2018-09-03 10:44:56.951 [localhost-startStop-1] INFO  org.apache.catalina.core.AprLifecycleListener - The APR based Apache Tomcat Native library which allows optimal performance in production environments was not found on the java.library.path: [/Users/wangwuqian/Library/Java/Extensions:/Library/Java/Extensions:/Network/Library/Java/Extensions:/System/Library/Java/Extensions:/usr/lib/java:.]
2018-09-03 10:44:57.045 [localhost-startStop-1] INFO  o.a.c.core.ContainerBase.[Tomcat].[localhost].[/] - Initializing Spring embedded WebApplicationContext
2018-09-03 10:44:57.045 [localhost-startStop-1] INFO  org.springframework.web.context.ContextLoader - Root WebApplicationContext: initialization completed in 1696 ms
2018-09-03 10:44:57.135 [localhost-startStop-1] INFO  o.s.boot.web.servlet.ServletRegistrationBean - Servlet dispatcherServlet mapped to [/]
2018-09-03 10:44:57.138 [localhost-startStop-1] INFO  o.s.boot.web.servlet.ServletRegistrationBean - Servlet statViewServlet mapped to [/druid/*]
2018-09-03 10:44:57.142 [localhost-startStop-1] INFO  o.s.boot.web.servlet.FilterRegistrationBean - Mapping filter: 'characterEncodingFilter' to: [/*]
2018-09-03 10:44:57.143 [localhost-startStop-1] INFO  o.s.boot.web.servlet.FilterRegistrationBean - Mapping filter: 'hiddenHttpMethodFilter' to: [/*]
2018-09-03 10:44:57.143 [localhost-startStop-1] INFO  o.s.boot.web.servlet.FilterRegistrationBean - Mapping filter: 'httpPutFormContentFilter' to: [/*]
2018-09-03 10:44:57.143 [localhost-startStop-1] INFO  o.s.boot.web.servlet.FilterRegistrationBean - Mapping filter: 'requestContextFilter' to: [/*]
2018-09-03 10:44:57.144 [localhost-startStop-1] INFO  o.s.boot.web.servlet.FilterRegistrationBean - Mapping filter: 'webStatFilter' to urls: [/*]
2018-09-03 10:44:57.234 [main] INFO  c.a.d.s.b.a.DruidDataSourceAutoConfigure - Init DruidDataSource
2018-09-03 10:44:57.468 [main] ERROR com.alibaba.druid.filter.FilterManager - load filter error, filter not found : logback
2018-09-03 10:44:57.762 [main] INFO  com.alibaba.druid.pool.DruidDataSource - {dataSource-1} inited
2018-09-03 10:44:58.259 [main] INFO  o.s.web.servlet.handler.SimpleUrlHandlerMapping - Mapped URL path [/**/favicon.ico] onto handler of type [class org.springframework.web.servlet.resource.ResourceHttpRequestHandler]
2018-09-03 10:44:58.473 [main] INFO  o.s.w.s.m.m.a.RequestMappingHandlerAdapter - Looking for @ControllerAdvice: org.springframework.boot.web.servlet.context.AnnotationConfigServletWebServerApplicationContext@6e4566f1: startup date [Mon Sep 03 10:44:55 CST 2018]; root of context hierarchy
2018-09-03 10:44:58.538 [main] INFO  o.s.w.s.m.m.a.RequestMappingHandlerMapping - Mapped "{[/blessing_info/query],methods=[POST]}" onto public com.invitation.card.utils.ResultBean<java.util.Map<java.lang.String, java.lang.Object>> com.invitation.card.controller.BlessingInfoController.query(java.lang.String)
2018-09-03 10:44:58.540 [main] INFO  o.s.w.s.m.m.a.RequestMappingHandlerMapping - Mapped "{[/invitation_album/query],methods=[POST]}" onto public com.invitation.card.utils.ResultBean<java.util.Map<java.lang.String, java.lang.Object>> com.invitation.card.controller.InvitationAlbumController.query(java.lang.String)
2018-09-03 10:44:58.541 [main] INFO  o.s.w.s.m.m.a.RequestMappingHandlerMapping - Mapped "{[/invitation_card_info/query],methods=[POST]}" onto public com.invitation.card.utils.ResultBean com.invitation.card.controller.InvitationCardInfoController.query(java.lang.String)
2018-09-03 10:44:58.541 [main] INFO  o.s.w.s.m.m.a.RequestMappingHandlerMapping - Mapped "{[/invitation_card_info/save_all],methods=[POST]}" onto public com.invitation.card.utils.ResultBean com.invitation.card.controller.InvitationCardInfoController.saveAll(java.util.Map<java.lang.String, java.lang.Object>)
2018-09-03 10:44:58.542 [main] INFO  o.s.w.s.m.m.a.RequestMappingHandlerMapping - Mapped "{[/invitation_music/query],methods=[POST]}" onto public com.invitation.card.utils.ResultBean<java.util.Map<java.lang.String, java.lang.Object>> com.invitation.card.controller.InvitationMusicController.query(java.lang.String)
2018-09-03 10:44:58.542 [main] INFO  o.s.w.s.m.m.a.RequestMappingHandlerMapping - Mapped "{[/leaving_message/query],methods=[POST]}" onto public com.invitation.card.utils.ResultBean<java.util.Map<java.lang.Object, java.lang.Object>> com.invitation.card.controller.LeavingMessageController.query(java.lang.String)
2018-09-03 10:44:58.543 [main] INFO  o.s.w.s.m.m.a.RequestMappingHandlerMapping - Mapped "{[/student/register],methods=[POST]}" onto public com.invitation.card.utils.ResultBean com.invitation.card.controller.StudentController.Register(com.invitation.card.entity.Student)
2018-09-03 10:44:58.543 [main] INFO  o.s.w.s.m.m.a.RequestMappingHandlerMapping - Mapped "{[/student/findAllStudent],methods=[POST]}" onto public com.invitation.card.utils.ResultBean<java.util.List<com.invitation.card.entity.Student>> com.invitation.card.controller.StudentController.test1()
2018-09-03 10:44:58.546 [main] INFO  o.s.w.s.m.m.a.RequestMappingHandlerMapping - Mapped "{[/error]}" onto public org.springframework.http.ResponseEntity<java.util.Map<java.lang.String, java.lang.Object>> org.springframework.boot.autoconfigure.web.servlet.error.BasicErrorController.error(javax.servlet.http.HttpServletRequest)
2018-09-03 10:44:58.547 [main] INFO  o.s.w.s.m.m.a.RequestMappingHandlerMapping - Mapped "{[/error],produces=[text/html]}" onto public org.springframework.web.servlet.ModelAndView org.springframework.boot.autoconfigure.web.servlet.error.BasicErrorController.errorHtml(javax.servlet.http.HttpServletRequest,javax.servlet.http.HttpServletResponse)
2018-09-03 10:44:58.584 [main] INFO  o.s.web.servlet.handler.SimpleUrlHandlerMapping - Mapped URL path [/webjars/**] onto handler of type [class org.springframework.web.servlet.resource.ResourceHttpRequestHandler]
2018-09-03 10:44:58.585 [main] INFO  o.s.web.servlet.handler.SimpleUrlHandlerMapping - Mapped URL path [/**] onto handler of type [class org.springframework.web.servlet.resource.ResourceHttpRequestHandler]
2018-09-03 10:44:58.602 [main] INFO  o.s.w.s.m.m.a.ExceptionHandlerExceptionResolver - Detected @ExceptionHandler methods in exceptionHandle
2018-09-03 10:44:58.886 [main] INFO  o.s.jmx.export.annotation.AnnotationMBeanExporter - Registering beans for JMX exposure on startup
2018-09-03 10:44:58.887 [main] INFO  o.s.jmx.export.annotation.AnnotationMBeanExporter - Bean with name 'statFilter' has been autodetected for JMX exposure
2018-09-03 10:44:58.887 [main] INFO  o.s.jmx.export.annotation.AnnotationMBeanExporter - Bean with name 'slf4jLogFilter' has been autodetected for JMX exposure
2018-09-03 10:44:58.887 [main] INFO  o.s.jmx.export.annotation.AnnotationMBeanExporter - Bean with name 'wallConfig' has been autodetected for JMX exposure
2018-09-03 10:44:58.888 [main] INFO  o.s.jmx.export.annotation.AnnotationMBeanExporter - Bean with name 'wallFilter' has been autodetected for JMX exposure
2018-09-03 10:44:58.888 [main] INFO  o.s.jmx.export.annotation.AnnotationMBeanExporter - Bean with name 'dataSource' has been autodetected for JMX exposure
2018-09-03 10:44:58.892 [main] INFO  o.s.jmx.export.annotation.AnnotationMBeanExporter - Located MBean 'slf4jLogFilter': registering with JMX server as MBean [com.alibaba.druid.filter.logging:name=slf4jLogFilter,type=Slf4jLogFilter]
2018-09-03 10:44:58.893 [main] INFO  o.s.jmx.export.annotation.AnnotationMBeanExporter - Located MBean 'wallConfig': registering with JMX server as MBean [com.alibaba.druid.wall:name=wallConfig,type=WallConfig]
2018-09-03 10:44:58.894 [main] INFO  o.s.jmx.export.annotation.AnnotationMBeanExporter - Located MBean 'wallFilter': registering with JMX server as MBean [com.alibaba.druid.wall:name=wallFilter,type=WallFilter]
2018-09-03 10:44:58.895 [main] INFO  o.s.jmx.export.annotation.AnnotationMBeanExporter - Located MBean 'dataSource': registering with JMX server as MBean [com.alibaba.druid.spring.boot.autoconfigure:name=dataSource,type=DruidDataSourceWrapper]
2018-09-03 10:44:58.896 [main] INFO  o.s.jmx.export.annotation.AnnotationMBeanExporter - Located MBean 'statFilter': registering with JMX server as MBean [com.alibaba.druid.filter.stat:name=statFilter,type=StatFilter]
2018-09-03 10:44:58.940 [main] INFO  o.s.boot.web.embedded.tomcat.TomcatWebServer - Tomcat started on port(s): 8080 (http) with context path ''
2018-09-03 14:23:57.950 [http-nio-8080-exec-9] INFO  o.a.c.core.ContainerBase.[Tomcat].[localhost].[/] - Initializing Spring FrameworkServlet 'dispatcherServlet'
2018-09-03 14:23:57.954 [http-nio-8080-exec-9] INFO  org.springframework.web.servlet.DispatcherServlet - FrameworkServlet 'dispatcherServlet': initialization started
2018-09-03 14:23:58.023 [http-nio-8080-exec-9] INFO  org.springframework.web.servlet.DispatcherServlet - FrameworkServlet 'dispatcherServlet': initialization completed in 68 ms
2018-09-03 14:58:18.704 [Thread-3] INFO  o.s.b.w.s.c.AnnotationConfigServletWebServerApplicationContext - Closing org.springframework.boot.web.servlet.context.AnnotationConfigServletWebServerApplicationContext@6e4566f1: startup date [Mon Sep 03 10:44:55 CST 2018]; root of context hierarchy
2018-09-03 14:58:18.792 [Thread-3] INFO  o.s.jmx.export.annotation.AnnotationMBeanExporter - Unregistering JMX-exposed beans on shutdown
2018-09-03 14:58:18.805 [Thread-3] INFO  o.s.jmx.export.annotation.AnnotationMBeanExporter - Unregistering JMX-exposed beans
2018-09-03 14:58:18.895 [Thread-3] INFO  com.alibaba.druid.pool.DruidDataSource - {dataSource-1} closed
